<?xml version="1.0" encoding="UTF-8"?>
<!-- Generated by org.testng.reporters.JUnitReportReporter -->
<testsuite hostname="QAWIN10-VM1" failures="0" tests="1" name="com.first.FirstTestNG" time="0.543" errors="0" timestamp="2023-09-19T10:29:57 UTC" skipped="0">
  <testcase classname="com.first.FirstTestNG" name="Acceptcookie" time="0.543"/>
  <system-out/>
</testsuite> <!-- com.first.FirstTestNG -->
